[debug] [2021-12-08T19:20:39.325Z] ----------------------------------------------------------------------
[debug] [2021-12-08T19:20:39.328Z] Command:       C:\Program Files\nodejs\node.exe C:\Users\Ruben\AppData\Roaming\npm\node_modules\firebase-tools\lib\bin\firebase.js init
[debug] [2021-12-08T19:20:39.328Z] CLI Version:   9.23.1
[debug] [2021-12-08T19:20:39.328Z] Platform:      win32
[debug] [2021-12-08T19:20:39.328Z] Node Version:  v16.13.1
[debug] [2021-12-08T19:20:39.329Z] Time:          Wed Dec 08 2021 21:20:39 GMT+0200 (South Africa Standard Time)
[debug] [2021-12-08T19:20:39.329Z] ----------------------------------------------------------------------
[debug] 
[debug] [2021-12-08T19:20:39.335Z] > command requires scopes: ["email","openid","https://www.googleapis.com/auth/cloudplatformprojects.readonly","https://www.googleapis.com/auth/firebase","https://www.googleapis.com/auth/cloud-platform"]
[debug] [2021-12-08T19:20:39.335Z] > authorizing via signed-in user (rubenhohls@gmail.com)
[info] 
     ######## #### ########  ######## ########     ###     ######  ########
     ##        ##  ##     ## ##       ##     ##  ##   ##  ##       ##
     ######    ##  ########  ######   ########  #########  ######  ######
     ##        ##  ##    ##  ##       ##     ## ##     ##       ## ##
     ##       #### ##     ## ######## ########  ##     ##  ######  ########

You're about to initialize a Firebase project in this directory:

  D:\Alles\Jaar 3\Website\RubenCV

[debug] [2021-12-08T19:21:38.396Z] ----------------------------------------------------------------------
[debug] [2021-12-08T19:21:38.398Z] Command:       C:\Program Files\nodejs\node.exe C:\Users\Ruben\AppData\Roaming\npm\node_modules\firebase-tools\lib\bin\firebase.js init
[debug] [2021-12-08T19:21:38.398Z] CLI Version:   9.23.1
[debug] [2021-12-08T19:21:38.398Z] Platform:      win32
[debug] [2021-12-08T19:21:38.399Z] Node Version:  v16.13.1
[debug] [2021-12-08T19:21:38.399Z] Time:          Wed Dec 08 2021 21:21:38 GMT+0200 (South Africa Standard Time)
[debug] [2021-12-08T19:21:38.399Z] ----------------------------------------------------------------------
[debug] 
[debug] [2021-12-08T19:21:38.405Z] > command requires scopes: ["email","openid","https://www.googleapis.com/auth/cloudplatformprojects.readonly","https://www.googleapis.com/auth/firebase","https://www.googleapis.com/auth/cloud-platform"]
[debug] [2021-12-08T19:21:38.406Z] > authorizing via signed-in user (rubenhohls@gmail.com)
[info] 
     ######## #### ########  ######## ########     ###     ######  ########
     ##        ##  ##     ## ##       ##     ##  ##   ##  ##       ##
     ######    ##  ########  ######   ########  #########  ######  ######
     ##        ##  ##    ##  ##       ##     ## ##     ##       ## ##
     ##       #### ##     ## ######## ########  ##     ##  ######  ########

You're about to initialize a Firebase project in this directory:

  D:\Alles\Jaar 3\Website\RubenCV

[info] 
=== Project Setup
[info] 
[info] First, let's associate this project directory with a Firebase project.
[info] You can create multiple project aliases by running firebase use --add, 
[info] but for now we'll just set up a default project.
[info] 
[debug] [2021-12-08T19:22:37.297Z] >>> [apiv2][query] GET https://firebase.googleapis.com/v1beta1/projects pageSize=100
[debug] [2021-12-08T19:22:38.019Z] <<< [apiv2][status] GET https://firebase.googleapis.com/v1beta1/projects 200
[debug] [2021-12-08T19:22:38.019Z] <<< [apiv2][body] GET https://firebase.googleapis.com/v1beta1/projects [omitted]
[info] i  Using project rubenhohlscv (RubenHohlsCV) 
[info] 
=== Hosting Setup
[info] 
[info] Your public directory is the folder (relative to your project directory) that
[info] will contain Hosting assets to be uploaded with firebase deploy. If you
[info] have a build process for your assets, use your build's output directory.
[info] 
